<?xml version="1.0" encoding="UTF-8"?>
<!-- Generated by org.testng.reporters.JUnitReportReporter -->
<testsuite skipped="0" hostname="ITEM-S45078.local" name="loginTest.LoginTest" tests="3" failures="0" timestamp="01 abr 2020 13:14:30 GMT" time="6.113" errors="0">
  <testcase name="testLoginPage" time="3.929" classname="loginTest.LoginTest"/>
  <testcase name="invalidUserName" time="1.020" classname="loginTest.LoginTest"/>
  <testcase name="invalidPassword" time="1.164" classname="loginTest.LoginTest"/>
</testsuite> <!-- loginTest.LoginTest -->
