<?xml version="1.0" encoding="UTF-8"?>
<!-- Generated by org.testng.reporters.JUnitReportReporter -->
<testsuite skipped="0" hostname="ITEM-S45078.local" name="propertiesDetailTest.PropertiesDetailTest" tests="2" failures="0" timestamp="01 abr 2020 13:14:30 GMT" time="9.365" errors="0">
  <testcase name="testLikesValidation" time="6.756" classname="propertiesDetailTest.PropertiesDetailTest"/>
  <testcase name="testCardPeopleInterestedPropertiesPage" time="2.609" classname="propertiesDetailTest.PropertiesDetailTest"/>
</testsuite> <!-- propertiesDetailTest.PropertiesDetailTest -->
