<?xml version="1.0" encoding="UTF-8"?>
<!-- Generated by org.testng.reporters.JUnitReportReporter -->
<testsuite skipped="0" hostname="ITEM-S45078.local" name="registration.RegistrationTest" tests="8" failures="0" timestamp="01 abr 2020 13:14:30 GMT" time="19.353" errors="0">
  <testcase name="invalidJustOneNumberPassword" time="2.177" classname="registration.RegistrationTest"/>
  <testcase name="testGeneralInformationRegistration" time="4.459" classname="registration.RegistrationTest"/>
  <testcase name="invalidLessEightCharactersPassword" time="2.013" classname="registration.RegistrationTest"/>
  <testcase name="differentPasswordAndConfirmPassword" time="2.555" classname="registration.RegistrationTest"/>
  <testcase name="invalidOneCapitalLetterPassword" time="2.014" classname="registration.RegistrationTest"/>
  <testcase name="invalidPostalCode" time="2.089" classname="registration.RegistrationTest"/>
  <testcase name="invalidPhone" time="2.062" classname="registration.RegistrationTest"/>
  <testcase name="invalidBirthDay" time="1.984" classname="registration.RegistrationTest"/>
</testsuite> <!-- registration.RegistrationTest -->
