<?xml version="1.0" encoding="UTF-8"?>
<!-- Generated by org.testng.reporters.JUnitReportReporter -->
<testsuite skipped="0" hostname="ITEM-S45078.local" name="propertiesTest.PropertiesTest" tests="2" failures="0" timestamp="01 abr 2020 13:14:30 GMT" time="8.143" errors="0">
  <testcase name="testGoToNavarraProperties" time="6.237" classname="propertiesTest.PropertiesTest"/>
  <testcase name="testFilterAndSelectProperty" time="1.906" classname="propertiesTest.PropertiesTest"/>
</testsuite> <!-- propertiesTest.PropertiesTest -->
